-------------------------------------------------------------------------------
Test set: com.microservice.Microservicio1ApplicationTests
-------------------------------------------------------------------------------
Tests run: 1, Failures: 0, Errors: 1, Skipped: 0, Time elapsed: 0.156 s <<< FAILURE! - in com.microservice.Microservicio1ApplicationTests
com.microservice.Microservicio1ApplicationTests  Time elapsed: 0.152 s  <<< ERROR!
java.lang.IllegalStateException: Unable to find a @SpringBootConfiguration, you need to use @ContextConfiguration or @SpringBootTest(classes=...) with your test

